<?xml version="1.0" encoding="UTF-8"?>
<!-- Generated by org.testng.reporters.JUnitReportReporter -->
<testsuite hostname="MS-LP-18" failures="0" tests="1" name="Tests.LogoutTest" time="8.008" errors="0" timestamp="2022-06-01T17:20:30 IST" skipped="0">
  <testcase classname="Tests.LogoutTest" name="validateLogout" time="8.008"/>
  <system-out/>
</testsuite> <!-- Tests.LogoutTest -->
