<?xml version="1.0" encoding="UTF-8"?>
<!-- Generated by org.testng.reporters.JUnitReportReporter -->
<testsuite hostname="MS-LP-18" failures="0" tests="4" name="Tests.LoginPageTest" time="17.672" errors="0" timestamp="2022-06-01T17:20:30 IST" skipped="0">
  <testcase classname="Tests.LoginPageTest" name="validateApplicationLogo" time="3.791"/>
  <system-out/>
  <testcase classname="Tests.LoginPageTest" name="validateLoginPageTitle" time="3.844"/>
  <system-out/>
  <testcase classname="Tests.LoginPageTest" name="validateLogin" time="5.709"/>
  <system-out/>
  <testcase classname="Tests.LoginPageTest" name="validateLoginWithInvalidCredential" time="4.328"/>
  <system-out/>
</testsuite> <!-- Tests.LoginPageTest -->
