<?xml version="1.0" encoding="UTF-8"?>
<!-- Generated by org.testng.reporters.JUnitReportReporter -->
<testsuite hostname="MS-LP-18" failures="0" tests="2" name="Tests.HomePageTest" time="8.899" errors="0" timestamp="2022-06-01T17:20:30 IST" skipped="0">
  <testcase classname="Tests.HomePageTest" name="validateHomepageLogo" time="4.569"/>
  <system-out/>
  <testcase classname="Tests.HomePageTest" name="validateproduct" time="4.330"/>
  <system-out/>
</testsuite> <!-- Tests.HomePageTest -->
