<?xml version="1.0" encoding="UTF-8"?>
<!-- Generated by org.testng.reporters.JUnitReportReporter -->
<testsuite hostname="MS-LP-18" failures="0" tests="1" name="Tests.AddToCartTest" time="0.000" errors="0" timestamp="2022-06-01T17:36:33 IST" skipped="1">
  <testcase classname="Tests.AddToCartTest" name="validateAddTocart" time="0.000">
    <skipped/>
  </testcase> <!-- validateAddTocart -->
  <system-out/>
</testsuite> <!-- Tests.AddToCartTest -->
